[RUN] 20260203_203148
[INFO] anchor_files=16 collect=500 clean=100

========== ANCHOR FILE: 01_digital_devices.txt ==========

==== RUN keyword: 갤럭시북 (from 01_digital_devices.txt) ====
[OK] buildId: h0ZBTp8QguUS6pcWFFXzx
[OK] collected seqs: 500 (target=500)
[saved] /Users/yein/gguldanji/ai-engine/crawler/data/processed/갤럭시북/갤럭시북_debug_pages.txt

===== 결과 =====
수집 seq: 500
상세 호출 실패: 0
정제 후보(candidates): 500
최종 clean: 433
[saved] /Users/yein/gguldanji/ai-engine/crawler/data/processed/갤럭시북/갤럭시북_candidates.jsonl
[saved] /Users/yein/gguldanji/ai-engine/crawler/data/processed/갤럭시북/갤럭시북_clean.jsonl
[saved] /Users/yein/gguldanji/ai-engine/crawler/data/processed/갤럭시북/갤럭시북_detail_failures.txt

[OK] clean 100개 이상 확보!

==== RUN keyword: 아이폰 (from 01_digital_devices.txt) ====
[OK] buildId: h0ZBTp8QguUS6pcWFFXzx
[OK] collected seqs: 500 (target=500)
[saved] /Users/yein/gguldanji/ai-engine/crawler/data/processed/아이폰/아이폰_debug_pages.txt

===== 결과 =====
수집 seq: 500
상세 호출 실패: 0
정제 후보(candidates): 500
최종 clean: 380
[saved] /Users/yein/gguldanji/ai-engine/crawler/data/processed/아이폰/아이폰_candidates.jsonl
[saved] /Users/yein/gguldanji/ai-engine/crawler/data/processed/아이폰/아이폰_clean.jsonl
[saved] /Users/yein/gguldanji/ai-engine/crawler/data/processed/아이폰/아이폰_detail_failures.txt

[OK] clean 100개 이상 확보!

========== ANCHOR FILE: 02_furniture_interior.txt ==========

==== RUN keyword: 책상 (from 02_furniture_interior.txt) ====
[OK] buildId: h0ZBTp8QguUS6pcWFFXzx
[OK] collected seqs: 500 (target=500)
[saved] /Users/yein/gguldanji/ai-engine/crawler/data/processed/책상/책상_debug_pages.txt

===== 결과 =====
수집 seq: 500
상세 호출 실패: 0
정제 후보(candidates): 500
최종 clean: 473
[saved] /Users/yein/gguldanji/ai-engine/crawler/data/processed/책상/책상_candidates.jsonl
[saved] /Users/yein/gguldanji/ai-engine/crawler/data/processed/책상/책상_clean.jsonl
[saved] /Users/yein/gguldanji/ai-engine/crawler/data/processed/책상/책상_detail_failures.txt

[OK] clean 100개 이상 확보!

==== RUN keyword: 의자 (from 02_furniture_interior.txt) ====
[OK] buildId: h0ZBTp8QguUS6pcWFFXzx
[OK] collected seqs: 500 (target=500)
[saved] /Users/yein/gguldanji/ai-engine/crawler/data/processed/의자/의자_debug_pages.txt

===== 결과 =====
수집 seq: 500
상세 호출 실패: 0
정제 후보(candidates): 500
최종 clean: 478
[saved] /Users/yein/gguldanji/ai-engine/crawler/data/processed/의자/의자_candidates.jsonl
[saved] /Users/yein/gguldanji/ai-engine/crawler/data/processed/의자/의자_clean.jsonl
[saved] /Users/yein/gguldanji/ai-engine/crawler/data/processed/의자/의자_detail_failures.txt

[OK] clean 100개 이상 확보!

========== ANCHOR FILE: 03_baby_kids.txt ==========

==== RUN keyword: 유모차 (from 03_baby_kids.txt) ====
[OK] buildId: h0ZBTp8QguUS6pcWFFXzx
[OK] collected seqs: 500 (target=500)
[saved] /Users/yein/gguldanji/ai-engine/crawler/data/processed/유모차/유모차_debug_pages.txt

===== 결과 =====
수집 seq: 500
상세 호출 실패: 0
정제 후보(candidates): 500
최종 clean: 491
[saved] /Users/yein/gguldanji/ai-engine/crawler/data/processed/유모차/유모차_candidates.jsonl
[saved] /Users/yein/gguldanji/ai-engine/crawler/data/processed/유모차/유모차_clean.jsonl
[saved] /Users/yein/gguldanji/ai-engine/crawler/data/processed/유모차/유모차_detail_failures.txt

[OK] clean 100개 이상 확보!

==== RUN keyword: 아기띠 (from 03_baby_kids.txt) ====
[OK] buildId: h0ZBTp8QguUS6pcWFFXzx
[OK] collected seqs: 469 (target=500)
[saved] /Users/yein/gguldanji/ai-engine/crawler/data/processed/아기띠/아기띠_debug_pages.txt

===== 결과 =====
수집 seq: 469
상세 호출 실패: 0
정제 후보(candidates): 469
최종 clean: 468
[saved] /Users/yein/gguldanji/ai-engine/crawler/data/processed/아기띠/아기띠_candidates.jsonl
[saved] /Users/yein/gguldanji/ai-engine/crawler/data/processed/아기띠/아기띠_clean.jsonl
[saved] /Users/yein/gguldanji/ai-engine/crawler/data/processed/아기띠/아기띠_detail_failures.txt

[OK] clean 100개 이상 확보!

========== ANCHOR FILE: 04_womens_clothing.txt ==========

==== RUN keyword: 원피스 (from 04_womens_clothing.txt) ====
[OK] buildId: h0ZBTp8QguUS6pcWFFXzx
[OK] collected seqs: 500 (target=500)
[saved] /Users/yein/gguldanji/ai-engine/crawler/data/processed/원피스/원피스_debug_pages.txt

===== 결과 =====
수집 seq: 500
상세 호출 실패: 0
정제 후보(candidates): 500
최종 clean: 495
[saved] /Users/yein/gguldanji/ai-engine/crawler/data/processed/원피스/원피스_candidates.jsonl
[saved] /Users/yein/gguldanji/ai-engine/crawler/data/processed/원피스/원피스_clean.jsonl
[saved] /Users/yein/gguldanji/ai-engine/crawler/data/processed/원피스/원피스_detail_failures.txt

[OK] clean 100개 이상 확보!

==== RUN keyword: 코트 (from 04_womens_clothing.txt) ====
[OK] buildId: h0ZBTp8QguUS6pcWFFXzx
[OK] collected seqs: 500 (target=500)
[saved] /Users/yein/gguldanji/ai-engine/crawler/data/processed/코트/코트_debug_pages.txt

===== 결과 =====
수집 seq: 500
상세 호출 실패: 0
정제 후보(candidates): 500
최종 clean: 497
[saved] /Users/yein/gguldanji/ai-engine/crawler/data/processed/코트/코트_candidates.jsonl
[saved] /Users/yein/gguldanji/ai-engine/crawler/data/processed/코트/코트_clean.jsonl
[saved] /Users/yein/gguldanji/ai-engine/crawler/data/processed/코트/코트_detail_failures.txt

[OK] clean 100개 이상 확보!

========== ANCHOR FILE: 05_fashion_accessories.txt ==========

==== RUN keyword: 가방 (from 05_fashion_accessories.txt) ====
[OK] buildId: h0ZBTp8QguUS6pcWFFXzx
[OK] collected seqs: 500 (target=500)
[saved] /Users/yein/gguldanji/ai-engine/crawler/data/processed/가방/가방_debug_pages.txt

===== 결과 =====
수집 seq: 500
상세 호출 실패: 0
정제 후보(candidates): 500
최종 clean: 463
[saved] /Users/yein/gguldanji/ai-engine/crawler/data/processed/가방/가방_candidates.jsonl
[saved] /Users/yein/gguldanji/ai-engine/crawler/data/processed/가방/가방_clean.jsonl
[saved] /Users/yein/gguldanji/ai-engine/crawler/data/processed/가방/가방_detail_failures.txt

[OK] clean 100개 이상 확보!

==== RUN keyword: 지갑 (from 05_fashion_accessories.txt) ====
[OK] buildId: h0ZBTp8QguUS6pcWFFXzx
[OK] collected seqs: 500 (target=500)
[saved] /Users/yein/gguldanji/ai-engine/crawler/data/processed/지갑/지갑_debug_pages.txt

===== 결과 =====
수집 seq: 500
상세 호출 실패: 0
정제 후보(candidates): 500
최종 clean: 440
[saved] /Users/yein/gguldanji/ai-engine/crawler/data/processed/지갑/지갑_candidates.jsonl
[saved] /Users/yein/gguldanji/ai-engine/crawler/data/processed/지갑/지갑_clean.jsonl
[saved] /Users/yein/gguldanji/ai-engine/crawler/data/processed/지갑/지갑_detail_failures.txt

[OK] clean 100개 이상 확보!

========== ANCHOR FILE: 06_mens_clothing.txt ==========

==== RUN keyword: 패딩 (from 06_mens_clothing.txt) ====
[OK] buildId: h0ZBTp8QguUS6pcWFFXzx
[OK] collected seqs: 500 (target=500)
[saved] /Users/yein/gguldanji/ai-engine/crawler/data/processed/패딩/패딩_debug_pages.txt

===== 결과 =====
수집 seq: 500
상세 호출 실패: 0
정제 후보(candidates): 500
최종 clean: 497
[saved] /Users/yein/gguldanji/ai-engine/crawler/data/processed/패딩/패딩_candidates.jsonl
[saved] /Users/yein/gguldanji/ai-engine/crawler/data/processed/패딩/패딩_clean.jsonl
[saved] /Users/yein/gguldanji/ai-engine/crawler/data/processed/패딩/패딩_detail_failures.txt

[OK] clean 100개 이상 확보!

==== RUN keyword: 셔츠 (from 06_mens_clothing.txt) ====
[OK] buildId: h0ZBTp8QguUS6pcWFFXzx
[OK] collected seqs: 500 (target=500)
[saved] /Users/yein/gguldanji/ai-engine/crawler/data/processed/셔츠/셔츠_debug_pages.txt

===== 결과 =====
수집 seq: 500
상세 호출 실패: 0
정제 후보(candidates): 500
최종 clean: 499
[saved] /Users/yein/gguldanji/ai-engine/crawler/data/processed/셔츠/셔츠_candidates.jsonl
[saved] /Users/yein/gguldanji/ai-engine/crawler/data/processed/셔츠/셔츠_clean.jsonl
[saved] /Users/yein/gguldanji/ai-engine/crawler/data/processed/셔츠/셔츠_detail_failures.txt

[OK] clean 100개 이상 확보!

========== ANCHOR FILE: 07_home_appliances.txt ==========

==== RUN keyword: 냉장고 (from 07_home_appliances.txt) ====
[OK] buildId: h0ZBTp8QguUS6pcWFFXzx
[OK] collected seqs: 500 (target=500)
[saved] /Users/yein/gguldanji/ai-engine/crawler/data/processed/냉장고/냉장고_debug_pages.txt

===== 결과 =====
수집 seq: 500
상세 호출 실패: 0
정제 후보(candidates): 500
최종 clean: 438
[saved] /Users/yein/gguldanji/ai-engine/crawler/data/processed/냉장고/냉장고_candidates.jsonl
[saved] /Users/yein/gguldanji/ai-engine/crawler/data/processed/냉장고/냉장고_clean.jsonl
[saved] /Users/yein/gguldanji/ai-engine/crawler/data/processed/냉장고/냉장고_detail_failures.txt

[OK] clean 100개 이상 확보!

==== RUN keyword: 세탁기 (from 07_home_appliances.txt) ====
[OK] buildId: h0ZBTp8QguUS6pcWFFXzx
[OK] collected seqs: 500 (target=500)
[saved] /Users/yein/gguldanji/ai-engine/crawler/data/processed/세탁기/세탁기_debug_pages.txt

===== 결과 =====
수집 seq: 500
상세 호출 실패: 0
정제 후보(candidates): 500
최종 clean: 493
[saved] /Users/yein/gguldanji/ai-engine/crawler/data/processed/세탁기/세탁기_candidates.jsonl
[saved] /Users/yein/gguldanji/ai-engine/crawler/data/processed/세탁기/세탁기_clean.jsonl
[saved] /Users/yein/gguldanji/ai-engine/crawler/data/processed/세탁기/세탁기_detail_failures.txt

[OK] clean 100개 이상 확보!

========== ANCHOR FILE: 08_daily_goods.txt ==========

==== RUN keyword: 수납장 (from 08_daily_goods.txt) ====
[OK] buildId: h0ZBTp8QguUS6pcWFFXzx
[OK] collected seqs: 500 (target=500)
[saved] /Users/yein/gguldanji/ai-engine/crawler/data/processed/수납장/수납장_debug_pages.txt

===== 결과 =====
수집 seq: 500
상세 호출 실패: 0
정제 후보(candidates): 500
최종 clean: 493
[saved] /Users/yein/gguldanji/ai-engine/crawler/data/processed/수납장/수납장_candidates.jsonl
[saved] /Users/yein/gguldanji/ai-engine/crawler/data/processed/수납장/수납장_clean.jsonl
[saved] /Users/yein/gguldanji/ai-engine/crawler/data/processed/수납장/수납장_detail_failures.txt

[OK] clean 100개 이상 확보!

==== RUN keyword: 청소용품 (from 08_daily_goods.txt) ====
[OK] buildId: h0ZBTp8QguUS6pcWFFXzx
[OK] collected seqs: 51 (target=500)
[saved] /Users/yein/gguldanji/ai-engine/crawler/data/processed/청소용품/청소용품_debug_pages.txt

===== 결과 =====
수집 seq: 51
상세 호출 실패: 0
정제 후보(candidates): 51
최종 clean: 48
[saved] /Users/yein/gguldanji/ai-engine/crawler/data/processed/청소용품/청소용품_candidates.jsonl
[saved] /Users/yein/gguldanji/ai-engine/crawler/data/processed/청소용품/청소용품_clean.jsonl
[saved] /Users/yein/gguldanji/ai-engine/crawler/data/processed/청소용품/청소용품_detail_failures.txt

[경고] clean 100개를 못 채웠습니다.
- 원인1) 실제로 노이즈가 많거나(악세서리/부품)
- 원인2) 필터가 과하게 걸렸거나(필터 완화 필요)
- 원인3) 검색 page가 더 있는데 max_pages가 부족했거나/막혔을 수 있음

========== ANCHOR FILE: 09_sports_leisure.txt ==========

==== RUN keyword: 자전거 (from 09_sports_leisure.txt) ====
[OK] buildId: h0ZBTp8QguUS6pcWFFXzx
[OK] collected seqs: 500 (target=500)
[saved] /Users/yein/gguldanji/ai-engine/crawler/data/processed/자전거/자전거_debug_pages.txt

===== 결과 =====
수집 seq: 500
상세 호출 실패: 0
정제 후보(candidates): 500
최종 clean: 479
[saved] /Users/yein/gguldanji/ai-engine/crawler/data/processed/자전거/자전거_candidates.jsonl
[saved] /Users/yein/gguldanji/ai-engine/crawler/data/processed/자전거/자전거_clean.jsonl
[saved] /Users/yein/gguldanji/ai-engine/crawler/data/processed/자전거/자전거_detail_failures.txt

[OK] clean 100개 이상 확보!

==== RUN keyword: 골프채 (from 09_sports_leisure.txt) ====
[OK] buildId: h0ZBTp8QguUS6pcWFFXzx
[OK] collected seqs: 500 (target=500)
[saved] /Users/yein/gguldanji/ai-engine/crawler/data/processed/골프채/골프채_debug_pages.txt

===== 결과 =====
수집 seq: 500
상세 호출 실패: 0
정제 후보(candidates): 500
최종 clean: 497
[saved] /Users/yein/gguldanji/ai-engine/crawler/data/processed/골프채/골프채_candidates.jsonl
[saved] /Users/yein/gguldanji/ai-engine/crawler/data/processed/골프채/골프채_clean.jsonl
[saved] /Users/yein/gguldanji/ai-engine/crawler/data/processed/골프채/골프채_detail_failures.txt

[OK] clean 100개 이상 확보!

========== ANCHOR FILE: 10_hobby_games.txt ==========

==== RUN keyword: 닌텐도 (from 10_hobby_games.txt) ====
[OK] buildId: h0ZBTp8QguUS6pcWFFXzx
[OK] collected seqs: 500 (target=500)
[saved] /Users/yein/gguldanji/ai-engine/crawler/data/processed/닌텐도/닌텐도_debug_pages.txt

===== 결과 =====
수집 seq: 500
상세 호출 실패: 0
정제 후보(candidates): 500
최종 clean: 475
[saved] /Users/yein/gguldanji/ai-engine/crawler/data/processed/닌텐도/닌텐도_candidates.jsonl
[saved] /Users/yein/gguldanji/ai-engine/crawler/data/processed/닌텐도/닌텐도_clean.jsonl
[saved] /Users/yein/gguldanji/ai-engine/crawler/data/processed/닌텐도/닌텐도_detail_failures.txt

[OK] clean 100개 이상 확보!

==== RUN keyword: 플스 (from 10_hobby_games.txt) ====
[OK] buildId: h0ZBTp8QguUS6pcWFFXzx
[OK] collected seqs: 500 (target=500)
[saved] /Users/yein/gguldanji/ai-engine/crawler/data/processed/플스/플스_debug_pages.txt

===== 결과 =====
수집 seq: 500
상세 호출 실패: 0
정제 후보(candidates): 500
최종 clean: 474
[saved] /Users/yein/gguldanji/ai-engine/crawler/data/processed/플스/플스_candidates.jsonl
[saved] /Users/yein/gguldanji/ai-engine/crawler/data/processed/플스/플스_clean.jsonl
[saved] /Users/yein/gguldanji/ai-engine/crawler/data/processed/플스/플스_detail_failures.txt

[OK] clean 100개 이상 확보!

========== ANCHOR FILE: 11_beauty.txt ==========

==== RUN keyword: 향수 (from 11_beauty.txt) ====
[OK] buildId: h0ZBTp8QguUS6pcWFFXzx
[OK] collected seqs: 500 (target=500)
[saved] /Users/yein/gguldanji/ai-engine/crawler/data/processed/향수/향수_debug_pages.txt

===== 결과 =====
수집 seq: 500
상세 호출 실패: 0
정제 후보(candidates): 500
최종 clean: 493
[saved] /Users/yein/gguldanji/ai-engine/crawler/data/processed/향수/향수_candidates.jsonl
[saved] /Users/yein/gguldanji/ai-engine/crawler/data/processed/향수/향수_clean.jsonl
[saved] /Users/yein/gguldanji/ai-engine/crawler/data/processed/향수/향수_detail_failures.txt

[OK] clean 100개 이상 확보!

==== RUN keyword: 드라이기 (from 11_beauty.txt) ====
[OK] buildId: h0ZBTp8QguUS6pcWFFXzx
[OK] collected seqs: 500 (target=500)
[saved] /Users/yein/gguldanji/ai-engine/crawler/data/processed/드라이기/드라이기_debug_pages.txt

===== 결과 =====
수집 seq: 500
상세 호출 실패: 0
정제 후보(candidates): 500
최종 clean: 444
[saved] /Users/yein/gguldanji/ai-engine/crawler/data/processed/드라이기/드라이기_candidates.jsonl
[saved] /Users/yein/gguldanji/ai-engine/crawler/data/processed/드라이기/드라이기_clean.jsonl
[saved] /Users/yein/gguldanji/ai-engine/crawler/data/processed/드라이기/드라이기_detail_failures.txt

[OK] clean 100개 이상 확보!

========== ANCHOR FILE: 12_pet_supplies.txt ==========

==== RUN keyword: 캣타워 (from 12_pet_supplies.txt) ====
[OK] buildId: h0ZBTp8QguUS6pcWFFXzx
[OK] collected seqs: 160 (target=500)
[saved] /Users/yein/gguldanji/ai-engine/crawler/data/processed/캣타워/캣타워_debug_pages.txt

===== 결과 =====
수집 seq: 160
상세 호출 실패: 0
정제 후보(candidates): 160
최종 clean: 158
[saved] /Users/yein/gguldanji/ai-engine/crawler/data/processed/캣타워/캣타워_candidates.jsonl
[saved] /Users/yein/gguldanji/ai-engine/crawler/data/processed/캣타워/캣타워_clean.jsonl
[saved] /Users/yein/gguldanji/ai-engine/crawler/data/processed/캣타워/캣타워_detail_failures.txt

[OK] clean 100개 이상 확보!

==== RUN keyword: 목줄 (from 12_pet_supplies.txt) ====
[OK] buildId: h0ZBTp8QguUS6pcWFFXzx
[OK] collected seqs: 170 (target=500)
[saved] /Users/yein/gguldanji/ai-engine/crawler/data/processed/목줄/목줄_debug_pages.txt

===== 결과 =====
수집 seq: 170
상세 호출 실패: 0
정제 후보(candidates): 170
최종 clean: 165
[saved] /Users/yein/gguldanji/ai-engine/crawler/data/processed/목줄/목줄_candidates.jsonl
[saved] /Users/yein/gguldanji/ai-engine/crawler/data/processed/목줄/목줄_clean.jsonl
[saved] /Users/yein/gguldanji/ai-engine/crawler/data/processed/목줄/목줄_detail_failures.txt

[OK] clean 100개 이상 확보!

========== ANCHOR FILE: 13_food.txt ==========

==== RUN keyword: 홍삼 (from 13_food.txt) ====
[OK] buildId: h0ZBTp8QguUS6pcWFFXzx
[OK] collected seqs: 312 (target=500)
[saved] /Users/yein/gguldanji/ai-engine/crawler/data/processed/홍삼/홍삼_debug_pages.txt

===== 결과 =====
수집 seq: 312
상세 호출 실패: 0
정제 후보(candidates): 312
최종 clean: 311
[saved] /Users/yein/gguldanji/ai-engine/crawler/data/processed/홍삼/홍삼_candidates.jsonl
[saved] /Users/yein/gguldanji/ai-engine/crawler/data/processed/홍삼/홍삼_clean.jsonl
[saved] /Users/yein/gguldanji/ai-engine/crawler/data/processed/홍삼/홍삼_detail_failures.txt

[OK] clean 100개 이상 확보!

==== RUN keyword: 원두 (from 13_food.txt) ====
[OK] buildId: h0ZBTp8QguUS6pcWFFXzx
[OK] collected seqs: 500 (target=500)
[saved] /Users/yein/gguldanji/ai-engine/crawler/data/processed/원두/원두_debug_pages.txt

===== 결과 =====
수집 seq: 500
상세 호출 실패: 0
정제 후보(candidates): 500
최종 clean: 496
[saved] /Users/yein/gguldanji/ai-engine/crawler/data/processed/원두/원두_candidates.jsonl
[saved] /Users/yein/gguldanji/ai-engine/crawler/data/processed/원두/원두_clean.jsonl
[saved] /Users/yein/gguldanji/ai-engine/crawler/data/processed/원두/원두_detail_failures.txt

[OK] clean 100개 이상 확보!

========== ANCHOR FILE: 14_books.txt ==========

==== RUN keyword: 공인중개사 (from 14_books.txt) ====
[OK] buildId: h0ZBTp8QguUS6pcWFFXzx
[OK] collected seqs: 500 (target=500)
[saved] /Users/yein/gguldanji/ai-engine/crawler/data/processed/공인중개사/공인중개사_debug_pages.txt

===== 결과 =====
수집 seq: 500
상세 호출 실패: 0
정제 후보(candidates): 500
최종 clean: 499
[saved] /Users/yein/gguldanji/ai-engine/crawler/data/processed/공인중개사/공인중개사_candidates.jsonl
[saved] /Users/yein/gguldanji/ai-engine/crawler/data/processed/공인중개사/공인중개사_clean.jsonl
[saved] /Users/yein/gguldanji/ai-engine/crawler/data/processed/공인중개사/공인중개사_detail_failures.txt

[OK] clean 100개 이상 확보!

==== RUN keyword: 토익 (from 14_books.txt) ====
[OK] buildId: h0ZBTp8QguUS6pcWFFXzx
[OK] collected seqs: 500 (target=500)
[saved] /Users/yein/gguldanji/ai-engine/crawler/data/processed/토익/토익_debug_pages.txt

===== 결과 =====
수집 seq: 500
상세 호출 실패: 0
정제 후보(candidates): 500
최종 clean: 499
[saved] /Users/yein/gguldanji/ai-engine/crawler/data/processed/토익/토익_candidates.jsonl
[saved] /Users/yein/gguldanji/ai-engine/crawler/data/processed/토익/토익_clean.jsonl
[saved] /Users/yein/gguldanji/ai-engine/crawler/data/processed/토익/토익_detail_failures.txt

[OK] clean 100개 이상 확보!

========== ANCHOR FILE: 15_tickets_vouchers.txt ==========

==== RUN keyword: 기프티콘 (from 15_tickets_vouchers.txt) ====
[OK] buildId: h0ZBTp8QguUS6pcWFFXzx
[OK] collected seqs: 500 (target=500)
[saved] /Users/yein/gguldanji/ai-engine/crawler/data/processed/기프티콘/기프티콘_debug_pages.txt

===== 결과 =====
수집 seq: 500
상세 호출 실패: 0
정제 후보(candidates): 500
최종 clean: 500
[saved] /Users/yein/gguldanji/ai-engine/crawler/data/processed/기프티콘/기프티콘_candidates.jsonl
[saved] /Users/yein/gguldanji/ai-engine/crawler/data/processed/기프티콘/기프티콘_clean.jsonl
[saved] /Users/yein/gguldanji/ai-engine/crawler/data/processed/기프티콘/기프티콘_detail_failures.txt

[OK] clean 100개 이상 확보!

==== RUN keyword: 티켓 (from 15_tickets_vouchers.txt) ====
[OK] buildId: h0ZBTp8QguUS6pcWFFXzx
[OK] collected seqs: 500 (target=500)
[saved] /Users/yein/gguldanji/ai-engine/crawler/data/processed/티켓/티켓_debug_pages.txt

===== 결과 =====
수집 seq: 500
상세 호출 실패: 0
정제 후보(candidates): 500
최종 clean: 499
[saved] /Users/yein/gguldanji/ai-engine/crawler/data/processed/티켓/티켓_candidates.jsonl
[saved] /Users/yein/gguldanji/ai-engine/crawler/data/processed/티켓/티켓_clean.jsonl
[saved] /Users/yein/gguldanji/ai-engine/crawler/data/processed/티켓/티켓_detail_failures.txt

[OK] clean 100개 이상 확보!

========== ANCHOR FILE: 16_etc.txt ==========

==== RUN keyword: 캠핑 (from 16_etc.txt) ====
[OK] buildId: h0ZBTp8QguUS6pcWFFXzx
[OK] collected seqs: 500 (target=500)
[saved] /Users/yein/gguldanji/ai-engine/crawler/data/processed/캠핑/캠핑_debug_pages.txt

===== 결과 =====
수집 seq: 500
상세 호출 실패: 0
정제 후보(candidates): 500
최종 clean: 483
[saved] /Users/yein/gguldanji/ai-engine/crawler/data/processed/캠핑/캠핑_candidates.jsonl
[saved] /Users/yein/gguldanji/ai-engine/crawler/data/processed/캠핑/캠핑_clean.jsonl
[saved] /Users/yein/gguldanji/ai-engine/crawler/data/processed/캠핑/캠핑_detail_failures.txt

[OK] clean 100개 이상 확보!

==== RUN keyword: 기타 (from 16_etc.txt) ====
[OK] buildId: h0ZBTp8QguUS6pcWFFXzx
[OK] collected seqs: 500 (target=500)
[saved] /Users/yein/gguldanji/ai-engine/crawler/data/processed/기타/기타_debug_pages.txt

===== 결과 =====
수집 seq: 500
상세 호출 실패: 0
정제 후보(candidates): 500
최종 clean: 462
[saved] /Users/yein/gguldanji/ai-engine/crawler/data/processed/기타/기타_candidates.jsonl
[saved] /Users/yein/gguldanji/ai-engine/crawler/data/processed/기타/기타_clean.jsonl
[saved] /Users/yein/gguldanji/ai-engine/crawler/data/processed/기타/기타_detail_failures.txt

[OK] clean 100개 이상 확보!

[saved] /Users/yein/gguldanji/ai-engine/crawler/data/logs/run_20260203_203148.log
[saved] /Users/yein/gguldanji/ai-engine/crawler/data/reports/run_summary_20260203_203148.json
[saved] /Users/yein/gguldanji/ai-engine/crawler/data/reports/run_summary_20260203_203148.md
